[INFO] Scanning for projects...
[INFO] 
[INFO] --------------------< com.PeopleStrong:ExitModule >---------------------
[INFO] Building  0.0.1-SNAPSHOT
[INFO]   from pom.xml
[INFO] --------------------------------[ jar ]---------------------------------
[INFO] 
[INFO] --- resources:3.3.1:resources (default-resources) @ ExitModule ---
[INFO] Copying 1 resource from src\main\resources to target\classes
[INFO] Copying 0 resource from src\main\resources to target\classes
[INFO] 
[INFO] --- compiler:3.14.1:compile (default-compile) @ ExitModule ---
[INFO] Recompiling the module because of changed source code.
[INFO] Compiling 35 source files with javac [debug parameters release 17] to target\classes
[INFO] /D:/OneDrive - PeopleStrong/Desktop/ExitModule/src/main/java/com/PeopleStrong/ExitModule/security/SecurityConfig.java: D:\OneDrive - PeopleStrong\Desktop\ExitModule\src\main\java\com\PeopleStrong\ExitModule\security\SecurityConfig.java uses or overrides a deprecated API.
[INFO] /D:/OneDrive - PeopleStrong/Desktop/ExitModule/src/main/java/com/PeopleStrong/ExitModule/security/SecurityConfig.java: Recompile with -Xlint:deprecation for details.
[INFO] ------------------------------------------------------------------------
[INFO] BUILD SUCCESS
[INFO] ------------------------------------------------------------------------
[INFO] Total time:  5.083 s
[INFO] Finished at: 2026-03-23T01:13:46+05:30
[INFO] ------------------------------------------------------------------------
